c:\users\administrator\desktop\program2\program2\debug\vc120.pdb
c:\users\administrator\desktop\program2\program2\debug\vc120.idb
c:\users\administrator\desktop\program2\program2\debug\bullet.obj
c:\users\administrator\desktop\program2\program2\debug\control.obj
c:\users\administrator\desktop\program2\program2\debug\lawn.obj
c:\users\administrator\desktop\program2\program2\debug\main.obj
c:\users\administrator\desktop\program2\program2\debug\plant.obj
c:\users\administrator\desktop\program2\program2\debug\tool.obj
c:\users\administrator\desktop\program2\program2\debug\ui.obj
c:\users\administrator\desktop\program2\program2\debug\user.obj
c:\users\administrator\desktop\program2\program2\debug\zombie.obj
c:\users\administrator\desktop\program2\program2\debug\源.obj
c:\users\administrator\desktop\program2\program2\debug\源1.obj
c:\users\administrator\desktop\program2\debug\program2.ilk
c:\users\administrator\desktop\program2\debug\program2.exe
c:\users\administrator\desktop\program2\debug\program2.pdb
c:\users\administrator\desktop\开发备份\最终版\program2\debug\bullet.obj
c:\users\administrator\desktop\开发备份\最终版\program2\debug\control.obj
c:\users\administrator\desktop\开发备份\最终版\program2\debug\lawn.obj
c:\users\administrator\desktop\开发备份\最终版\program2\debug\main.obj
c:\users\administrator\desktop\开发备份\最终版\program2\debug\plant.obj
c:\users\administrator\desktop\开发备份\最终版\program2\debug\tool.obj
c:\users\administrator\desktop\开发备份\最终版\program2\debug\ui.obj
c:\users\administrator\desktop\开发备份\最终版\program2\debug\user.obj
c:\users\administrator\desktop\开发备份\最终版\program2\debug\zombie.obj
c:\users\administrator\desktop\开发备份\最终版\program2\debug\源.obj
c:\users\administrator\desktop\开发备份\最终版\program2\debug\源1.obj
c:\users\administrator\desktop\开发备份\最终版\program2\debug\vc120.idb
c:\users\administrator\desktop\开发备份\最终版\program2\debug\vc120.pdb
c:\users\administrator\desktop\开发备份\最终版\debug\program2.pdb
c:\users\administrator\desktop\开发备份\最终版\debug\program2.exe
c:\users\administrator\desktop\开发备份\最终版\debug\program2.ilk
c:\users\administrator\desktop\开发备份\最终版\program2\debug\program2.tlog\cl.command.1.tlog
c:\users\administrator\desktop\开发备份\最终版\program2\debug\program2.tlog\cl.read.1.tlog
c:\users\administrator\desktop\开发备份\最终版\program2\debug\program2.tlog\cl.write.1.tlog
c:\users\administrator\desktop\开发备份\最终版\program2\debug\program2.tlog\link.command.1.tlog
c:\users\administrator\desktop\开发备份\最终版\program2\debug\program2.tlog\link.read.1.tlog
c:\users\administrator\desktop\开发备份\最终版\program2\debug\program2.tlog\link.write.1.tlog
